Compiling the project...
检查文件修改状态...
编译完成！
Starting batch testing of all .rx files in RCompiler-Testcases/semantic-1...
==================================================
Processing test 1: array1
File: RCompiler-Testcases/semantic-1/array1/array1.rx
Status: SUCCESS
Output saved to: results/semantic-1-typechecker/array1_result.txt
----------------------------------------
Processing test 2: array2
File: RCompiler-Testcases/semantic-1/array2/array2.rx
Status: SUCCESS
Output saved to: results/semantic-1-typechecker/array2_result.txt
----------------------------------------
Processing test 3: array3
File: RCompiler-Testcases/semantic-1/array3/array3.rx
Status: SUCCESS
Output saved to: results/semantic-1-typechecker/array3_result.txt
----------------------------------------
Processing test 4: array4
File: RCompiler-Testcases/semantic-1/array4/array4.rx
Status: FAILED (exit code: 1)
Output saved to: results/semantic-1-typechecker/array4_result.txt
----------------------------------------
Processing test 5: array5
File: RCompiler-Testcases/semantic-1/array5/array5.rx
Status: SUCCESS
Output saved to: results/semantic-1-typechecker/array5_result.txt
----------------------------------------
Processing test 6: array6
File: RCompiler-Testcases/semantic-1/array6/array6.rx
Status: FAILED (exit code: 1)
Output saved to: results/semantic-1-typechecker/array6_result.txt
----------------------------------------
Processing test 7: array7
File: RCompiler-Testcases/semantic-1/array7/array7.rx
Status: FAILED (exit code: 1)
Output saved to: results/semantic-1-typechecker/array7_result.txt
----------------------------------------
Processing test 8: array8
File: RCompiler-Testcases/semantic-1/array8/array8.rx
Status: FAILED (exit code: 1)
Output saved to: results/semantic-1-typechecker/array8_result.txt
----------------------------------------
Processing test 9: autoref1
File: RCompiler-Testcases/semantic-1/autoref1/autoref1.rx
Status: FAILED (exit code: 1)
Output saved to: results/semantic-1-typechecker/autoref1_result.txt
----------------------------------------
Processing test 10: autoref2
File: RCompiler-Testcases/semantic-1/autoref2/autoref2.rx
Status: FAILED (exit code: 1)
Output saved to: results/semantic-1-typechecker/autoref2_result.txt
----------------------------------------
Processing test 11: autoref3
File: RCompiler-Testcases/semantic-1/autoref3/autoref3.rx
Status: SUCCESS
Output saved to: results/semantic-1-typechecker/autoref3_result.txt
----------------------------------------
Processing test 12: autoref4
File: RCompiler-Testcases/semantic-1/autoref4/autoref4.rx
Status: FAILED (exit code: 1)
Output saved to: results/semantic-1-typechecker/autoref4_result.txt
----------------------------------------
Processing test 13: autoref5
File: RCompiler-Testcases/semantic-1/autoref5/autoref5.rx
Status: SUCCESS
Output saved to: results/semantic-1-typechecker/autoref5_result.txt
----------------------------------------
Processing test 14: autoref6
File: RCompiler-Testcases/semantic-1/autoref6/autoref6.rx
Status: SUCCESS
Output saved to: results/semantic-1-typechecker/autoref6_result.txt
----------------------------------------
Processing test 15: autoref7
File: RCompiler-Testcases/semantic-1/autoref7/autoref7.rx
Status: SUCCESS
Output saved to: results/semantic-1-typechecker/autoref7_result.txt
----------------------------------------
Processing test 16: autoref8
File: RCompiler-Testcases/semantic-1/autoref8/autoref8.rx
Status: SUCCESS
Output saved to: results/semantic-1-typechecker/autoref8_result.txt
----------------------------------------
Processing test 17: autoref9
File: RCompiler-Testcases/semantic-1/autoref9/autoref9.rx
Status: FAILED (exit code: 1)
Output saved to: results/semantic-1-typechecker/autoref9_result.txt
----------------------------------------
Processing test 18: basic1
File: RCompiler-Testcases/semantic-1/basic1/basic1.rx
Status: SUCCESS
Output saved to: results/semantic-1-typechecker/basic1_result.txt
----------------------------------------
Processing test 19: basic10
File: RCompiler-Testcases/semantic-1/basic10/basic10.rx
Status: FAILED (exit code: 1)
Output saved to: results/semantic-1-typechecker/basic10_result.txt
----------------------------------------
Processing test 20: basic11
File: RCompiler-Testcases/semantic-1/basic11/basic11.rx
Status: FAILED (exit code: 1)
Output saved to: results/semantic-1-typechecker/basic11_result.txt
----------------------------------------
Processing test 21: basic12
File: RCompiler-Testcases/semantic-1/basic12/basic12.rx
Status: FAILED (exit code: 1)
Output saved to: results/semantic-1-typechecker/basic12_result.txt
----------------------------------------
Processing test 22: basic13
File: RCompiler-Testcases/semantic-1/basic13/basic13.rx
Status: FAILED (exit code: 1)
Output saved to: results/semantic-1-typechecker/basic13_result.txt
----------------------------------------
Processing test 23: basic14
File: RCompiler-Testcases/semantic-1/basic14/basic14.rx
Status: FAILED (exit code: 1)
Output saved to: results/semantic-1-typechecker/basic14_result.txt
----------------------------------------
Processing test 24: basic15
File: RCompiler-Testcases/semantic-1/basic15/basic15.rx
Status: FAILED (exit code: 1)
Output saved to: results/semantic-1-typechecker/basic15_result.txt
----------------------------------------
Processing test 25: basic16
File: RCompiler-Testcases/semantic-1/basic16/basic16.rx
Status: FAILED (exit code: 1)
Output saved to: results/semantic-1-typechecker/basic16_result.txt
----------------------------------------
Processing test 26: basic17
File: RCompiler-Testcases/semantic-1/basic17/basic17.rx
Status: SUCCESS
Output saved to: results/semantic-1-typechecker/basic17_result.txt
----------------------------------------
Processing test 27: basic18
File: RCompiler-Testcases/semantic-1/basic18/basic18.rx
Status: SUCCESS
Output saved to: results/semantic-1-typechecker/basic18_result.txt
----------------------------------------
Processing test 28: basic19
File: RCompiler-Testcases/semantic-1/basic19/basic19.rx
Status: SUCCESS
Output saved to: results/semantic-1-typechecker/basic19_result.txt
----------------------------------------
Processing test 29: basic2
File: RCompiler-Testcases/semantic-1/basic2/basic2.rx
Status: FAILED (exit code: 1)
Output saved to: results/semantic-1-typechecker/basic2_result.txt
----------------------------------------
Processing test 30: basic20
File: RCompiler-Testcases/semantic-1/basic20/basic20.rx
Status: SUCCESS
Output saved to: results/semantic-1-typechecker/basic20_result.txt
----------------------------------------
Processing test 31: basic21
File: RCompiler-Testcases/semantic-1/basic21/basic21.rx
Status: SUCCESS
Output saved to: results/semantic-1-typechecker/basic21_result.txt
----------------------------------------
Processing test 32: basic22
File: RCompiler-Testcases/semantic-1/basic22/basic22.rx
Status: FAILED (exit code: 1)
Output saved to: results/semantic-1-typechecker/basic22_result.txt
----------------------------------------
Processing test 33: basic23
File: RCompiler-Testcases/semantic-1/basic23/basic23.rx
Status: SUCCESS
Output saved to: results/semantic-1-typechecker/basic23_result.txt
----------------------------------------
Processing test 34: basic24
File: RCompiler-Testcases/semantic-1/basic24/basic24.rx
Status: SUCCESS
Output saved to: results/semantic-1-typechecker/basic24_result.txt
----------------------------------------
Processing test 35: basic25
File: RCompiler-Testcases/semantic-1/basic25/basic25.rx
Status: SUCCESS
Output saved to: results/semantic-1-typechecker/basic25_result.txt
----------------------------------------
Processing test 36: basic26
File: RCompiler-Testcases/semantic-1/basic26/basic26.rx
Status: SUCCESS
Output saved to: results/semantic-1-typechecker/basic26_result.txt
----------------------------------------
Processing test 37: basic27
File: RCompiler-Testcases/semantic-1/basic27/basic27.rx
Status: SUCCESS
Output saved to: results/semantic-1-typechecker/basic27_result.txt
----------------------------------------
Processing test 38: basic28
File: RCompiler-Testcases/semantic-1/basic28/basic28.rx
Status: FAILED (exit code: 1)
Output saved to: results/semantic-1-typechecker/basic28_result.txt
----------------------------------------
Processing test 39: basic29
File: RCompiler-Testcases/semantic-1/basic29/basic29.rx
Status: SUCCESS
Output saved to: results/semantic-1-typechecker/basic29_result.txt
----------------------------------------
Processing test 40: basic3
File: RCompiler-Testcases/semantic-1/basic3/basic3.rx
Status: SUCCESS
Output saved to: results/semantic-1-typechecker/basic3_result.txt
----------------------------------------
Processing test 41: basic30
File: RCompiler-Testcases/semantic-1/basic30/basic30.rx
Status: SUCCESS
Output saved to: results/semantic-1-typechecker/basic30_result.txt
----------------------------------------
Processing test 42: basic31
File: RCompiler-Testcases/semantic-1/basic31/basic31.rx
Status: FAILED (exit code: 1)
Output saved to: results/semantic-1-typechecker/basic31_result.txt
----------------------------------------
Processing test 43: basic32
File: RCompiler-Testcases/semantic-1/basic32/basic32.rx
Status: SUCCESS
Output saved to: results/semantic-1-typechecker/basic32_result.txt
----------------------------------------
Processing test 44: basic33
File: RCompiler-Testcases/semantic-1/basic33/basic33.rx
Status: FAILED (exit code: 1)
Output saved to: results/semantic-1-typechecker/basic33_result.txt
----------------------------------------
Processing test 45: basic34
File: RCompiler-Testcases/semantic-1/basic34/basic34.rx
Status: FAILED (exit code: 1)
Output saved to: results/semantic-1-typechecker/basic34_result.txt
----------------------------------------
Processing test 46: basic35
File: RCompiler-Testcases/semantic-1/basic35/basic35.rx
Status: FAILED (exit code: 1)
Output saved to: results/semantic-1-typechecker/basic35_result.txt
----------------------------------------
Processing test 47: basic36
File: RCompiler-Testcases/semantic-1/basic36/basic36.rx
Status: SUCCESS
Output saved to: results/semantic-1-typechecker/basic36_result.txt
----------------------------------------
Processing test 48: basic37
File: RCompiler-Testcases/semantic-1/basic37/basic37.rx
Status: SUCCESS
Output saved to: results/semantic-1-typechecker/basic37_result.txt
----------------------------------------
Processing test 49: basic38
File: RCompiler-Testcases/semantic-1/basic38/basic38.rx
Status: FAILED (exit code: 1)
Output saved to: results/semantic-1-typechecker/basic38_result.txt
----------------------------------------
Processing test 50: basic39
File: RCompiler-Testcases/semantic-1/basic39/basic39.rx
Status: SUCCESS
Output saved to: results/semantic-1-typechecker/basic39_result.txt
----------------------------------------
Processing test 51: basic4
File: RCompiler-Testcases/semantic-1/basic4/basic4.rx
Status: SUCCESS
Output saved to: results/semantic-1-typechecker/basic4_result.txt
----------------------------------------
Processing test 52: basic40
File: RCompiler-Testcases/semantic-1/basic40/basic40.rx
Status: SUCCESS
Output saved to: results/semantic-1-typechecker/basic40_result.txt
----------------------------------------
Processing test 53: basic5
File: RCompiler-Testcases/semantic-1/basic5/basic5.rx
Status: FAILED (exit code: 1)
Output saved to: results/semantic-1-typechecker/basic5_result.txt
----------------------------------------
Processing test 54: basic6
File: RCompiler-Testcases/semantic-1/basic6/basic6.rx
Status: FAILED (exit code: 1)
Output saved to: results/semantic-1-typechecker/basic6_result.txt
----------------------------------------
Processing test 55: basic7
File: RCompiler-Testcases/semantic-1/basic7/basic7.rx
Status: FAILED (exit code: 1)
Output saved to: results/semantic-1-typechecker/basic7_result.txt
----------------------------------------
Processing test 56: basic8
File: RCompiler-Testcases/semantic-1/basic8/basic8.rx
Status: FAILED (exit code: 1)
Output saved to: results/semantic-1-typechecker/basic8_result.txt
----------------------------------------
Processing test 57: basic9
File: RCompiler-Testcases/semantic-1/basic9/basic9.rx
Status: FAILED (exit code: 1)
Output saved to: results/semantic-1-typechecker/basic9_result.txt
----------------------------------------
Processing test 58: expr1
File: RCompiler-Testcases/semantic-1/expr1/expr1.rx
Status: FAILED (exit code: 1)
Output saved to: results/semantic-1-typechecker/expr1_result.txt
----------------------------------------
Processing test 59: expr10
File: RCompiler-Testcases/semantic-1/expr10/expr10.rx
Status: FAILED (exit code: 1)
Output saved to: results/semantic-1-typechecker/expr10_result.txt
----------------------------------------
Processing test 60: expr11
File: RCompiler-Testcases/semantic-1/expr11/expr11.rx
Status: FAILED (exit code: 1)
Output saved to: results/semantic-1-typechecker/expr11_result.txt
----------------------------------------
Processing test 61: expr12
File: RCompiler-Testcases/semantic-1/expr12/expr12.rx
Status: FAILED (exit code: 1)
Output saved to: results/semantic-1-typechecker/expr12_result.txt
----------------------------------------
Processing test 62: expr13
File: RCompiler-Testcases/semantic-1/expr13/expr13.rx
Status: SUCCESS
Output saved to: results/semantic-1-typechecker/expr13_result.txt
----------------------------------------
Processing test 63: expr14
File: RCompiler-Testcases/semantic-1/expr14/expr14.rx
Status: SUCCESS
Output saved to: results/semantic-1-typechecker/expr14_result.txt
----------------------------------------
Processing test 64: expr15
File: RCompiler-Testcases/semantic-1/expr15/expr15.rx
Status: FAILED (exit code: 1)
Output saved to: results/semantic-1-typechecker/expr15_result.txt
----------------------------------------
Processing test 65: expr16
File: RCompiler-Testcases/semantic-1/expr16/expr16.rx
Status: FAILED (exit code: 1)
Output saved to: results/semantic-1-typechecker/expr16_result.txt
----------------------------------------
Processing test 66: expr17
File: RCompiler-Testcases/semantic-1/expr17/expr17.rx
Status: SUCCESS
Output saved to: results/semantic-1-typechecker/expr17_result.txt
----------------------------------------
Processing test 67: expr18
File: RCompiler-Testcases/semantic-1/expr18/expr18.rx
Status: FAILED (exit code: 1)
Output saved to: results/semantic-1-typechecker/expr18_result.txt
----------------------------------------
Processing test 68: expr19
File: RCompiler-Testcases/semantic-1/expr19/expr19.rx
Status: SUCCESS
Output saved to: results/semantic-1-typechecker/expr19_result.txt
----------------------------------------
Processing test 69: expr2
File: RCompiler-Testcases/semantic-1/expr2/expr2.rx
Status: FAILED (exit code: 1)
Output saved to: results/semantic-1-typechecker/expr2_result.txt
----------------------------------------
Processing test 70: expr20
File: RCompiler-Testcases/semantic-1/expr20/expr20.rx
Status: FAILED (exit code: 1)
Output saved to: results/semantic-1-typechecker/expr20_result.txt
----------------------------------------
Processing test 71: expr21
File: RCompiler-Testcases/semantic-1/expr21/expr21.rx
Status: FAILED (exit code: 1)
Output saved to: results/semantic-1-typechecker/expr21_result.txt
----------------------------------------
Processing test 72: expr22
File: RCompiler-Testcases/semantic-1/expr22/expr22.rx
Status: FAILED (exit code: 1)
Output saved to: results/semantic-1-typechecker/expr22_result.txt
----------------------------------------
Processing test 73: expr23
File: RCompiler-Testcases/semantic-1/expr23/expr23.rx
Status: FAILED (exit code: 1)
Output saved to: results/semantic-1-typechecker/expr23_result.txt
----------------------------------------
Processing test 74: expr24
File: RCompiler-Testcases/semantic-1/expr24/expr24.rx
Status: FAILED (exit code: 1)
Output saved to: results/semantic-1-typechecker/expr24_result.txt
----------------------------------------
Processing test 75: expr25
File: RCompiler-Testcases/semantic-1/expr25/expr25.rx
Status: FAILED (exit code: 1)
Output saved to: results/semantic-1-typechecker/expr25_result.txt
----------------------------------------
Processing test 76: expr26
File: RCompiler-Testcases/semantic-1/expr26/expr26.rx
Status: FAILED (exit code: 1)
Output saved to: results/semantic-1-typechecker/expr26_result.txt
----------------------------------------
Processing test 77: expr27
File: RCompiler-Testcases/semantic-1/expr27/expr27.rx
Status: FAILED (exit code: 1)
Output saved to: results/semantic-1-typechecker/expr27_result.txt
----------------------------------------
Processing test 78: expr28
File: RCompiler-Testcases/semantic-1/expr28/expr28.rx
Status: FAILED (exit code: 1)
Output saved to: results/semantic-1-typechecker/expr28_result.txt
----------------------------------------
Processing test 79: expr29
File: RCompiler-Testcases/semantic-1/expr29/expr29.rx
Status: FAILED (exit code: 1)
Output saved to: results/semantic-1-typechecker/expr29_result.txt
----------------------------------------
Processing test 80: expr3
File: RCompiler-Testcases/semantic-1/expr3/expr3.rx
Status: FAILED (exit code: 1)
Output saved to: results/semantic-1-typechecker/expr3_result.txt
----------------------------------------
Processing test 81: expr30
File: RCompiler-Testcases/semantic-1/expr30/expr30.rx
Status: FAILED (exit code: 1)
Output saved to: results/semantic-1-typechecker/expr30_result.txt
----------------------------------------
Processing test 82: expr31
File: RCompiler-Testcases/semantic-1/expr31/expr31.rx
Status: FAILED (exit code: 1)
Output saved to: results/semantic-1-typechecker/expr31_result.txt
----------------------------------------
Processing test 83: expr32
File: RCompiler-Testcases/semantic-1/expr32/expr32.rx
Status: FAILED (exit code: 1)
Output saved to: results/semantic-1-typechecker/expr32_result.txt
----------------------------------------
Processing test 84: expr33
File: RCompiler-Testcases/semantic-1/expr33/expr33.rx
Status: FAILED (exit code: 1)
Output saved to: results/semantic-1-typechecker/expr33_result.txt
----------------------------------------
Processing test 85: expr34
File: RCompiler-Testcases/semantic-1/expr34/expr34.rx
Status: FAILED (exit code: 1)
Output saved to: results/semantic-1-typechecker/expr34_result.txt
----------------------------------------
Processing test 86: expr35
File: RCompiler-Testcases/semantic-1/expr35/expr35.rx
Status: FAILED (exit code: 1)
Output saved to: results/semantic-1-typechecker/expr35_result.txt
----------------------------------------
Processing test 87: expr36
File: RCompiler-Testcases/semantic-1/expr36/expr36.rx
Status: FAILED (exit code: 1)
Output saved to: results/semantic-1-typechecker/expr36_result.txt
----------------------------------------
Processing test 88: expr37
File: RCompiler-Testcases/semantic-1/expr37/expr37.rx
Status: FAILED (exit code: 1)
Output saved to: results/semantic-1-typechecker/expr37_result.txt
----------------------------------------
Processing test 89: expr38
File: RCompiler-Testcases/semantic-1/expr38/expr38.rx
Status: FAILED (exit code: 1)
Output saved to: results/semantic-1-typechecker/expr38_result.txt
----------------------------------------
Processing test 90: expr39
File: RCompiler-Testcases/semantic-1/expr39/expr39.rx
Status: FAILED (exit code: 1)
Output saved to: results/semantic-1-typechecker/expr39_result.txt
----------------------------------------
Processing test 91: expr4
File: RCompiler-Testcases/semantic-1/expr4/expr4.rx
Status: FAILED (exit code: 1)
Output saved to: results/semantic-1-typechecker/expr4_result.txt
----------------------------------------
Processing test 92: expr40
File: RCompiler-Testcases/semantic-1/expr40/expr40.rx
Status: FAILED (exit code: 1)
Output saved to: results/semantic-1-typechecker/expr40_result.txt
----------------------------------------
Processing test 93: expr5
File: RCompiler-Testcases/semantic-1/expr5/expr5.rx
Status: FAILED (exit code: 1)
Output saved to: results/semantic-1-typechecker/expr5_result.txt
----------------------------------------
Processing test 94: expr6
File: RCompiler-Testcases/semantic-1/expr6/expr6.rx
Status: FAILED (exit code: 1)
Output saved to: results/semantic-1-typechecker/expr6_result.txt
----------------------------------------
Processing test 95: expr7
File: RCompiler-Testcases/semantic-1/expr7/expr7.rx
Status: FAILED (exit code: 1)
Output saved to: results/semantic-1-typechecker/expr7_result.txt
----------------------------------------
Processing test 96: expr8
File: RCompiler-Testcases/semantic-1/expr8/expr8.rx
Status: FAILED (exit code: 1)
Output saved to: results/semantic-1-typechecker/expr8_result.txt
----------------------------------------
Processing test 97: expr9
File: RCompiler-Testcases/semantic-1/expr9/expr9.rx
Status: FAILED (exit code: 1)
Output saved to: results/semantic-1-typechecker/expr9_result.txt
----------------------------------------
Processing test 98: if1
File: RCompiler-Testcases/semantic-1/if1/if1.rx
Status: SUCCESS
Output saved to: results/semantic-1-typechecker/if1_result.txt
----------------------------------------
Processing test 99: if10
File: RCompiler-Testcases/semantic-1/if10/if10.rx
Status: SUCCESS
Output saved to: results/semantic-1-typechecker/if10_result.txt
----------------------------------------
Processing test 100: if11
File: RCompiler-Testcases/semantic-1/if11/if11.rx
Status: FAILED (exit code: 1)
Output saved to: results/semantic-1-typechecker/if11_result.txt
----------------------------------------
Processing test 101: if12
File: RCompiler-Testcases/semantic-1/if12/if12.rx
Status: FAILED (exit code: 1)
Output saved to: results/semantic-1-typechecker/if12_result.txt
----------------------------------------
Processing test 102: if13
File: RCompiler-Testcases/semantic-1/if13/if13.rx
Status: FAILED (exit code: 1)
Output saved to: results/semantic-1-typechecker/if13_result.txt
----------------------------------------
Processing test 103: if14
File: RCompiler-Testcases/semantic-1/if14/if14.rx
Status: FAILED (exit code: 1)
Output saved to: results/semantic-1-typechecker/if14_result.txt
----------------------------------------
Processing test 104: if15
File: RCompiler-Testcases/semantic-1/if15/if15.rx
Status: FAILED (exit code: 1)
Output saved to: results/semantic-1-typechecker/if15_result.txt
----------------------------------------
Processing test 105: if2
File: RCompiler-Testcases/semantic-1/if2/if2.rx
Status: SUCCESS
Output saved to: results/semantic-1-typechecker/if2_result.txt
----------------------------------------
Processing test 106: if3
File: RCompiler-Testcases/semantic-1/if3/if3.rx
Status: SUCCESS
Output saved to: results/semantic-1-typechecker/if3_result.txt
----------------------------------------
Processing test 107: if4
File: RCompiler-Testcases/semantic-1/if4/if4.rx
Status: FAILED (exit code: 1)
Output saved to: results/semantic-1-typechecker/if4_result.txt
----------------------------------------
Processing test 108: if5
File: RCompiler-Testcases/semantic-1/if5/if5.rx
Status: SUCCESS
Output saved to: results/semantic-1-typechecker/if5_result.txt
----------------------------------------
Processing test 109: if6
File: RCompiler-Testcases/semantic-1/if6/if6.rx
Status: SUCCESS
Output saved to: results/semantic-1-typechecker/if6_result.txt
----------------------------------------
Processing test 110: if7
File: RCompiler-Testcases/semantic-1/if7/if7.rx
Status: SUCCESS
Output saved to: results/semantic-1-typechecker/if7_result.txt
----------------------------------------
Processing test 111: if8
File: RCompiler-Testcases/semantic-1/if8/if8.rx
Status: SUCCESS
Output saved to: results/semantic-1-typechecker/if8_result.txt
----------------------------------------
Processing test 112: if9
File: RCompiler-Testcases/semantic-1/if9/if9.rx
Status: SUCCESS
Output saved to: results/semantic-1-typechecker/if9_result.txt
----------------------------------------
Processing test 113: loop1
File: RCompiler-Testcases/semantic-1/loop1/loop1.rx
Status: SUCCESS
Output saved to: results/semantic-1-typechecker/loop1_result.txt
----------------------------------------
Processing test 114: loop10
File: RCompiler-Testcases/semantic-1/loop10/loop10.rx
Status: FAILED (exit code: 1)
Output saved to: results/semantic-1-typechecker/loop10_result.txt
----------------------------------------
Processing test 115: loop2
File: RCompiler-Testcases/semantic-1/loop2/loop2.rx
Status: SUCCESS
Output saved to: results/semantic-1-typechecker/loop2_result.txt
----------------------------------------
Processing test 116: loop3
File: RCompiler-Testcases/semantic-1/loop3/loop3.rx
Status: SUCCESS
Output saved to: results/semantic-1-typechecker/loop3_result.txt
----------------------------------------
Processing test 117: loop4
File: RCompiler-Testcases/semantic-1/loop4/loop4.rx
Status: SUCCESS
Output saved to: results/semantic-1-typechecker/loop4_result.txt
----------------------------------------
Processing test 118: loop5
File: RCompiler-Testcases/semantic-1/loop5/loop5.rx
Status: SUCCESS
Output saved to: results/semantic-1-typechecker/loop5_result.txt
----------------------------------------
Processing test 119: loop6
File: RCompiler-Testcases/semantic-1/loop6/loop6.rx
Status: FAILED (exit code: 1)
Output saved to: results/semantic-1-typechecker/loop6_result.txt
----------------------------------------
Processing test 120: loop7
File: RCompiler-Testcases/semantic-1/loop7/loop7.rx
Status: FAILED (exit code: 1)
Output saved to: results/semantic-1-typechecker/loop7_result.txt
----------------------------------------
Processing test 121: loop8
File: RCompiler-Testcases/semantic-1/loop8/loop8.rx
Status: FAILED (exit code: 1)
Output saved to: results/semantic-1-typechecker/loop8_result.txt
----------------------------------------
Processing test 122: loop9
File: RCompiler-Testcases/semantic-1/loop9/loop9.rx
Status: FAILED (exit code: 1)
Output saved to: results/semantic-1-typechecker/loop9_result.txt
----------------------------------------
Processing test 123: misc1
File: RCompiler-Testcases/semantic-1/misc1/misc1.rx
Status: FAILED (exit code: 1)
Output saved to: results/semantic-1-typechecker/misc1_result.txt
----------------------------------------
Processing test 124: misc10
File: RCompiler-Testcases/semantic-1/misc10/misc10.rx
Status: FAILED (exit code: 1)
Output saved to: results/semantic-1-typechecker/misc10_result.txt
----------------------------------------
Processing test 125: misc11
File: RCompiler-Testcases/semantic-1/misc11/misc11.rx
Status: FAILED (exit code: 1)
Output saved to: results/semantic-1-typechecker/misc11_result.txt
----------------------------------------
Processing test 126: misc12
File: RCompiler-Testcases/semantic-1/misc12/misc12.rx
Status: FAILED (exit code: 1)
Output saved to: results/semantic-1-typechecker/misc12_result.txt
----------------------------------------
Processing test 127: misc13
File: RCompiler-Testcases/semantic-1/misc13/misc13.rx
Status: FAILED (exit code: 1)
Output saved to: results/semantic-1-typechecker/misc13_result.txt
----------------------------------------
Processing test 128: misc14
File: RCompiler-Testcases/semantic-1/misc14/misc14.rx
Status: FAILED (exit code: 1)
Output saved to: results/semantic-1-typechecker/misc14_result.txt
----------------------------------------
Processing test 129: misc15
File: RCompiler-Testcases/semantic-1/misc15/misc15.rx
Status: FAILED (exit code: 1)
Output saved to: results/semantic-1-typechecker/misc15_result.txt
----------------------------------------
Processing test 130: misc16
File: RCompiler-Testcases/semantic-1/misc16/misc16.rx
Status: FAILED (exit code: 1)
Output saved to: results/semantic-1-typechecker/misc16_result.txt
----------------------------------------
Processing test 131: misc17
File: RCompiler-Testcases/semantic-1/misc17/misc17.rx
Status: FAILED (exit code: 1)
Output saved to: results/semantic-1-typechecker/misc17_result.txt
----------------------------------------
Processing test 132: misc18
File: RCompiler-Testcases/semantic-1/misc18/misc18.rx
Status: FAILED (exit code: 1)
Output saved to: results/semantic-1-typechecker/misc18_result.txt
----------------------------------------
Processing test 133: misc19
File: RCompiler-Testcases/semantic-1/misc19/misc19.rx
Status: FAILED (exit code: 130)
Output saved to: results/semantic-1-typechecker/misc19_result.txt
----------------------------------------
Processing test 134: misc2
File: RCompiler-Testcases/semantic-1/misc2/misc2.rx
Status: FAILED (exit code: 130)
Output saved to: results/semantic-1-typechecker/misc2_result.txt
----------------------------------------
Processing test 135: misc20
File: RCompiler-Testcases/semantic-1/misc20/misc20.rx
Status: FAILED (exit code: 130)
Output saved to: results/semantic-1-typechecker/misc20_result.txt
----------------------------------------
Processing test 136: misc21
File: RCompiler-Testcases/semantic-1/misc21/misc21.rx
Status: FAILED (exit code: 130)
Output saved to: results/semantic-1-typechecker/misc21_result.txt
----------------------------------------
Processing test 137: misc22
File: RCompiler-Testcases/semantic-1/misc22/misc22.rx
Status: FAILED (exit code: 130)
Output saved to: results/semantic-1-typechecker/misc22_result.txt
----------------------------------------
Processing test 138: misc23
File: RCompiler-Testcases/semantic-1/misc23/misc23.rx
